2026-04-17 11:36:00,559 INFO Plan: 1 protocols × 1 payload sizes × 5 trials = 5 total
2026-04-17 11:36:00,559 INFO   tls payload=30: trials 0..4
2026-04-17 11:36:00,559 INFO Dry run complete; no trials executed.
2026-04-17 11:36:01,586 INFO Plan: 1 protocols × 1 payload sizes × 5 trials = 5 total
2026-04-17 11:36:01,587 INFO === Running tls payload=30 (5 trials) ===
2026-04-17 11:36:18,122 INFO >>> tls payload=30: 5 trials in 16.5s, 0 failed
2026-04-17 11:36:18,122 INFO BENCHMARK COMPLETE: 5 trials in 16.5s (0.28 min), 0 failures
2026-04-17 11:36:18,122 INFO All servers stopped. CSV flushed: C:\Users\harsh\AppData\Local\Temp\pytest-of-harsh\pytest-14\test_orchestrator_small_tls_ru0\small.csv
2026-04-17 11:36:19,179 INFO Plan: 1 protocols × 1 payload sizes × 3 trials = 3 total
2026-04-17 11:36:19,189 INFO === Running tls payload=30 (3 trials) ===
2026-04-17 11:36:29,386 INFO >>> tls payload=30: 3 trials in 10.2s, 0 failed
2026-04-17 11:36:29,386 INFO BENCHMARK COMPLETE: 3 trials in 10.2s (0.17 min), 0 failures
2026-04-17 11:36:29,386 INFO All servers stopped. CSV flushed: C:\Users\harsh\AppData\Local\Temp\pytest-of-harsh\pytest-14\test_orchestrator_resume0\resume.csv
2026-04-17 11:36:30,678 INFO Plan: 1 protocols × 1 payload sizes × 5 trials = 5 total
2026-04-17 11:36:30,688 INFO Resume: 3 trials already in output CSV
2026-04-17 11:36:30,689 INFO === Running tls payload=30 (5 trials) ===
2026-04-17 11:36:37,388 INFO >>> tls payload=30: 2 trials in 6.7s, 0 failed
2026-04-17 11:36:37,388 INFO BENCHMARK COMPLETE: 2 trials in 6.7s (0.11 min), 0 failures
2026-04-17 11:36:37,388 INFO All servers stopped. CSV flushed: C:\Users\harsh\AppData\Local\Temp\pytest-of-harsh\pytest-14\test_orchestrator_resume0\resume.csv
2026-04-17 11:37:01,981 INFO Plan: 3 protocols × 3 payload sizes × 500 trials = 4500 total
2026-04-17 11:37:01,981 INFO === Running tls payload=30 (500 trials) ===
2026-04-17 11:39:48,899 INFO   [tls p=30] 50/500 done, 0 failed, 0.3 trials/sec
2026-04-17 11:41:33,105 INFO Plan: 1 protocols × 1 payload sizes × 5 trials = 5 total
2026-04-17 11:41:33,105 INFO   tls payload=30: trials 0..4
2026-04-17 11:41:33,105 INFO Dry run complete; no trials executed.
2026-04-17 11:41:34,116 INFO Plan: 1 protocols × 1 payload sizes × 5 trials = 5 total
2026-04-17 11:41:34,116 INFO === Running tls payload=30 (5 trials) ===
2026-04-17 11:41:50,351 INFO >>> tls payload=30: 5 trials in 16.2s, 0 failed
2026-04-17 11:41:50,351 INFO BENCHMARK COMPLETE: 5 trials in 16.2s (0.27 min), 0 failures
2026-04-17 11:41:50,351 INFO All servers stopped. CSV flushed: C:\Users\harsh\AppData\Local\Temp\pytest-of-harsh\pytest-15\test_orchestrator_small_tls_ru0\small.csv
2026-04-17 11:41:51,436 INFO Plan: 1 protocols × 1 payload sizes × 3 trials = 3 total
2026-04-17 11:41:51,436 INFO === Running tls payload=30 (3 trials) ===
2026-04-17 11:42:01,707 INFO >>> tls payload=30: 3 trials in 10.3s, 0 failed
2026-04-17 11:42:01,707 INFO BENCHMARK COMPLETE: 3 trials in 10.3s (0.17 min), 0 failures
2026-04-17 11:42:01,707 INFO All servers stopped. CSV flushed: C:\Users\harsh\AppData\Local\Temp\pytest-of-harsh\pytest-15\test_orchestrator_resume0\resume.csv
2026-04-17 11:42:02,800 INFO Plan: 1 protocols × 1 payload sizes × 5 trials = 5 total
2026-04-17 11:42:02,811 INFO Resume: 3 trials already in output CSV
2026-04-17 11:42:02,811 INFO === Running tls payload=30 (5 trials) ===
2026-04-17 11:42:09,523 INFO >>> tls payload=30: 2 trials in 6.7s, 0 failed
2026-04-17 11:42:09,523 INFO BENCHMARK COMPLETE: 2 trials in 6.7s (0.11 min), 0 failures
2026-04-17 11:42:09,523 INFO All servers stopped. CSV flushed: C:\Users\harsh\AppData\Local\Temp\pytest-of-harsh\pytest-15\test_orchestrator_resume0\resume.csv
2026-04-17 11:42:35,665 INFO   [tls p=30] 100/500 done, 0 failed, 0.3 trials/sec
2026-04-17 11:45:24,178 INFO   [tls p=30] 150/500 done, 0 failed, 0.3 trials/sec
2026-04-17 11:48:08,157 INFO   [tls p=30] 200/500 done, 0 failed, 0.3 trials/sec
2026-04-17 11:50:53,291 INFO   [tls p=30] 250/500 done, 0 failed, 0.3 trials/sec
2026-04-17 11:53:56,393 INFO   [tls p=30] 300/500 done, 0 failed, 0.3 trials/sec
2026-04-17 11:56:40,863 INFO   [tls p=30] 350/500 done, 0 failed, 0.3 trials/sec
2026-04-17 11:59:26,238 INFO   [tls p=30] 400/500 done, 0 failed, 0.3 trials/sec
2026-04-17 12:02:30,773 INFO   [tls p=30] 450/500 done, 0 failed, 0.3 trials/sec
2026-04-17 12:05:40,566 INFO   [tls p=30] 500/500 done, 0 failed, 0.3 trials/sec
2026-04-17 12:05:40,668 INFO >>> tls payload=30: 500 trials in 1718.7s, 0 failed
2026-04-17 12:05:40,668 INFO === Running tls payload=256 (500 trials) ===
2026-04-17 12:08:36,525 INFO   [tls p=256] 50/500 done, 0 failed, 0.3 trials/sec
2026-04-17 12:11:19,739 INFO   [tls p=256] 100/500 done, 0 failed, 0.3 trials/sec
2026-04-17 12:14:12,797 INFO   [tls p=256] 150/500 done, 0 failed, 0.3 trials/sec
2026-04-17 12:17:04,995 INFO   [tls p=256] 200/500 done, 0 failed, 0.3 trials/sec
2026-04-17 12:19:55,920 INFO   [tls p=256] 250/500 done, 0 failed, 0.3 trials/sec
2026-04-17 12:22:47,708 INFO   [tls p=256] 300/500 done, 0 failed, 0.3 trials/sec
2026-04-17 12:25:53,032 INFO   [tls p=256] 350/500 done, 0 failed, 0.3 trials/sec
2026-04-17 12:28:48,799 INFO   [tls p=256] 400/500 done, 0 failed, 0.3 trials/sec
2026-04-17 12:31:43,538 INFO   [tls p=256] 450/500 done, 0 failed, 0.3 trials/sec
2026-04-17 12:34:29,527 INFO   [tls p=256] 500/500 done, 0 failed, 0.3 trials/sec
2026-04-17 12:34:29,629 INFO >>> tls payload=256: 500 trials in 1729.0s, 0 failed
2026-04-17 12:34:29,629 INFO === Running tls payload=1024 (500 trials) ===
2026-04-17 12:37:12,479 INFO   [tls p=1024] 50/500 done, 0 failed, 0.3 trials/sec
2026-04-17 12:39:49,934 INFO   [tls p=1024] 100/500 done, 0 failed, 0.3 trials/sec
2026-04-17 12:42:28,809 INFO   [tls p=1024] 150/500 done, 0 failed, 0.3 trials/sec
2026-04-17 12:45:09,322 INFO   [tls p=1024] 200/500 done, 0 failed, 0.3 trials/sec
2026-04-17 12:47:45,629 INFO   [tls p=1024] 250/500 done, 0 failed, 0.3 trials/sec
2026-04-17 12:50:22,306 INFO   [tls p=1024] 300/500 done, 0 failed, 0.3 trials/sec
2026-04-17 12:53:00,164 INFO   [tls p=1024] 350/500 done, 0 failed, 0.3 trials/sec
2026-04-17 12:55:39,037 INFO   [tls p=1024] 400/500 done, 0 failed, 0.3 trials/sec
2026-04-17 12:58:15,407 INFO   [tls p=1024] 450/500 done, 0 failed, 0.3 trials/sec
2026-04-17 13:00:52,228 INFO   [tls p=1024] 500/500 done, 0 failed, 0.3 trials/sec
2026-04-17 13:00:52,329 INFO >>> tls payload=1024: 500 trials in 1582.7s, 0 failed
2026-04-17 13:00:52,329 INFO Sleeping 5.0s before next protocol (TIME_WAIT clear)
2026-04-17 13:00:57,677 INFO Started baseline_ecc.ecc_server on port 9001 (pid=11868)
2026-04-17 13:00:57,677 INFO === Running laid payload=30 (500 trials) ===
2026-04-17 13:03:34,003 INFO   [laid p=30] 50/500 done, 0 failed, 0.3 trials/sec
2026-04-17 13:06:13,618 INFO   [laid p=30] 100/500 done, 0 failed, 0.3 trials/sec
2026-04-17 13:08:57,670 INFO   [laid p=30] 150/500 done, 0 failed, 0.3 trials/sec
2026-04-17 13:11:34,338 INFO   [laid p=30] 200/500 done, 0 failed, 0.3 trials/sec
2026-04-17 13:14:10,432 INFO   [laid p=30] 250/500 done, 0 failed, 0.3 trials/sec
2026-04-17 13:16:46,207 INFO   [laid p=30] 300/500 done, 0 failed, 0.3 trials/sec
2026-04-17 13:19:21,926 INFO   [laid p=30] 350/500 done, 0 failed, 0.3 trials/sec
2026-04-17 13:21:57,500 INFO   [laid p=30] 400/500 done, 0 failed, 0.3 trials/sec
2026-04-17 13:24:33,736 INFO   [laid p=30] 450/500 done, 0 failed, 0.3 trials/sec
2026-04-17 13:27:12,175 INFO   [laid p=30] 500/500 done, 0 failed, 0.3 trials/sec
2026-04-17 13:27:12,276 INFO >>> laid payload=30: 500 trials in 1574.6s, 0 failed
2026-04-17 13:27:12,276 INFO === Running laid payload=256 (500 trials) ===
2026-04-17 13:29:49,435 INFO   [laid p=256] 50/500 done, 0 failed, 0.3 trials/sec
2026-04-17 13:32:27,471 INFO   [laid p=256] 100/500 done, 0 failed, 0.3 trials/sec
2026-04-17 13:35:03,873 INFO   [laid p=256] 150/500 done, 0 failed, 0.3 trials/sec
2026-04-17 13:37:40,550 INFO   [laid p=256] 200/500 done, 0 failed, 0.3 trials/sec
2026-04-17 13:40:16,169 INFO   [laid p=256] 250/500 done, 0 failed, 0.3 trials/sec
2026-04-17 13:42:52,147 INFO   [laid p=256] 300/500 done, 0 failed, 0.3 trials/sec
2026-04-17 13:45:28,093 INFO   [laid p=256] 350/500 done, 0 failed, 0.3 trials/sec
2026-04-17 13:48:03,745 INFO   [laid p=256] 400/500 done, 0 failed, 0.3 trials/sec
2026-04-17 13:50:38,761 INFO   [laid p=256] 450/500 done, 0 failed, 0.3 trials/sec
2026-04-17 13:53:14,787 INFO   [laid p=256] 500/500 done, 0 failed, 0.3 trials/sec
2026-04-17 13:53:14,888 INFO >>> laid payload=256: 500 trials in 1562.6s, 0 failed
2026-04-17 13:53:14,888 INFO === Running laid payload=1024 (500 trials) ===
2026-04-17 13:55:52,336 INFO   [laid p=1024] 50/500 done, 0 failed, 0.3 trials/sec
2026-04-17 13:58:37,577 INFO   [laid p=1024] 100/500 done, 0 failed, 0.3 trials/sec
2026-04-17 14:01:24,399 INFO   [laid p=1024] 150/500 done, 0 failed, 0.3 trials/sec
2026-04-17 14:04:04,024 INFO   [laid p=1024] 200/500 done, 0 failed, 0.3 trials/sec
2026-04-17 14:06:50,135 INFO   [laid p=1024] 250/500 done, 0 failed, 0.3 trials/sec
2026-04-17 14:09:28,841 INFO   [laid p=1024] 300/500 done, 0 failed, 0.3 trials/sec
2026-04-17 14:12:08,302 INFO   [laid p=1024] 350/500 done, 0 failed, 0.3 trials/sec
2026-04-17 14:14:46,816 INFO   [laid p=1024] 400/500 done, 0 failed, 0.3 trials/sec
2026-04-17 14:17:24,133 INFO   [laid p=1024] 450/500 done, 0 failed, 0.3 trials/sec
2026-04-17 14:20:03,117 INFO   [laid p=1024] 500/500 done, 0 failed, 0.3 trials/sec
2026-04-17 14:20:03,218 INFO >>> laid payload=1024: 500 trials in 1608.3s, 0 failed
2026-04-17 14:20:03,219 INFO Sleeping 5.0s before next protocol (TIME_WAIT clear)
2026-04-17 14:20:08,567 INFO Started hybrid_protocol.hybrid_server on port 9002 (pid=17288)
2026-04-17 14:20:08,567 INFO === Running hybrid payload=30 (500 trials) ===
2026-04-17 14:22:52,401 INFO   [hybrid p=30] 50/500 done, 0 failed, 0.3 trials/sec
2026-04-17 14:25:35,111 INFO   [hybrid p=30] 100/500 done, 0 failed, 0.3 trials/sec
2026-04-17 14:28:11,045 INFO   [hybrid p=30] 150/500 done, 0 failed, 0.3 trials/sec
2026-04-17 14:30:49,916 INFO   [hybrid p=30] 200/500 done, 0 failed, 0.3 trials/sec
2026-04-17 14:33:27,185 INFO   [hybrid p=30] 250/500 done, 0 failed, 0.3 trials/sec
2026-04-17 14:36:05,713 INFO   [hybrid p=30] 300/500 done, 0 failed, 0.3 trials/sec
2026-04-17 14:38:42,536 INFO   [hybrid p=30] 350/500 done, 0 failed, 0.3 trials/sec
2026-04-17 14:41:30,581 INFO   [hybrid p=30] 400/500 done, 0 failed, 0.3 trials/sec
2026-04-17 14:44:15,392 INFO   [hybrid p=30] 450/500 done, 0 failed, 0.3 trials/sec
2026-04-17 14:46:56,113 INFO   [hybrid p=30] 500/500 done, 0 failed, 0.3 trials/sec
2026-04-17 14:46:56,215 INFO >>> hybrid payload=30: 500 trials in 1607.7s, 0 failed
2026-04-17 14:46:56,215 INFO === Running hybrid payload=256 (500 trials) ===
2026-04-17 14:49:38,503 INFO   [hybrid p=256] 50/500 done, 0 failed, 0.3 trials/sec
2026-04-17 14:52:22,414 INFO   [hybrid p=256] 100/500 done, 0 failed, 0.3 trials/sec
2026-04-17 14:55:12,560 INFO   [hybrid p=256] 150/500 done, 0 failed, 0.3 trials/sec
2026-04-17 14:57:54,533 INFO   [hybrid p=256] 200/500 done, 0 failed, 0.3 trials/sec
2026-04-17 15:00:37,376 INFO   [hybrid p=256] 250/500 done, 0 failed, 0.3 trials/sec
2026-04-17 15:03:24,023 INFO   [hybrid p=256] 300/500 done, 0 failed, 0.3 trials/sec
2026-04-17 15:06:08,507 INFO   [hybrid p=256] 350/500 done, 0 failed, 0.3 trials/sec
2026-04-17 15:08:52,593 INFO   [hybrid p=256] 400/500 done, 0 failed, 0.3 trials/sec
2026-04-17 15:11:38,496 INFO   [hybrid p=256] 450/500 done, 0 failed, 0.3 trials/sec
2026-04-17 15:14:29,371 INFO   [hybrid p=256] 500/500 done, 0 failed, 0.3 trials/sec
2026-04-17 15:14:29,473 INFO >>> hybrid payload=256: 500 trials in 1653.2s, 0 failed
2026-04-17 15:14:29,473 INFO === Running hybrid payload=1024 (500 trials) ===
2026-04-17 15:17:21,642 INFO   [hybrid p=1024] 50/500 done, 0 failed, 0.3 trials/sec
2026-04-17 15:20:16,936 INFO   [hybrid p=1024] 100/500 done, 0 failed, 0.3 trials/sec
2026-04-17 15:22:58,359 INFO   [hybrid p=1024] 150/500 done, 0 failed, 0.3 trials/sec
2026-04-17 15:25:43,243 INFO   [hybrid p=1024] 200/500 done, 0 failed, 0.3 trials/sec
2026-04-17 15:28:34,102 INFO   [hybrid p=1024] 250/500 done, 0 failed, 0.3 trials/sec
2026-04-17 15:31:28,188 INFO   [hybrid p=1024] 300/500 done, 0 failed, 0.3 trials/sec
2026-04-17 15:34:31,169 INFO   [hybrid p=1024] 350/500 done, 0 failed, 0.3 trials/sec
2026-04-17 15:37:27,975 INFO   [hybrid p=1024] 400/500 done, 0 failed, 0.3 trials/sec
2026-04-17 15:40:11,200 INFO   [hybrid p=1024] 450/500 done, 0 failed, 0.3 trials/sec
2026-04-17 15:42:55,827 INFO   [hybrid p=1024] 500/500 done, 0 failed, 0.3 trials/sec
2026-04-17 15:42:55,928 INFO >>> hybrid payload=1024: 500 trials in 1706.5s, 0 failed
2026-04-17 15:42:55,929 INFO BENCHMARK COMPLETE: 4500 trials in 14753.9s (245.90 min), 0 failures
2026-04-17 15:42:55,939 INFO All servers stopped. CSV flushed: results\benchmark_results.csv
